<?xml version="1.0" encoding="UTF-8"?>
<!-- Generated by org.testng.reporters.JUnitReportReporter -->
<testsuite hostname="aryabhata" name="TestSuite.O2OPENAssetTestSuite" tests="4" failures="0" timestamp="16 Sep 2016 14:27:11 GMT" time="4.013" errors="0">
  <testcase name="DeleteO2OPENasset" time="0.526" classname="TestSuite.O2OPENAssetTestSuite"/>
  <testcase name="DeleteO2OPENasset" time="0.506" classname="TestSuite.O2OPENAssetTestSuite"/>
  <testcase name="CreateO2OPENasset" time="2.273" classname="TestSuite.O2OPENAssetTestSuite"/>
  <testcase name="CreateO2OPENasset" time="0.708" classname="TestSuite.O2OPENAssetTestSuite"/>
</testsuite> <!-- TestSuite.O2OPENAssetTestSuite -->
