<?xml version="1.0" encoding="UTF-8"?>
<!-- Generated by org.testng.reporters.JUnitReportReporter -->
<testsuite hostname="aryabhata" name="TestSuite.VisualIVRTestSuite" tests="1" failures="0" timestamp="20 Sep 2016 10:53:08 GMT" time="2.059" errors="0">
  <testcase name="HappyPathEndtoEndScenario" time="2.059" classname="TestSuite.VisualIVRTestSuite"/>
</testsuite> <!-- TestSuite.VisualIVRTestSuite -->
