<?xml version="1.0" encoding="UTF-8"?>
<!-- Generated by org.testng.reporters.JUnitReportReporter -->
<testsuite hostname="aryabhata" name="SampleTestWithTestNG" tests="1" failures="0" timestamp="12 Aug 2016 14:02:24 GMT" time="2.413" errors="0">
  <testcase name="testLogin" time="2.413" classname="SampleTestWithTestNG"/>
</testsuite> <!-- SampleTestWithTestNG -->
