<?xml version="1.0" encoding="UTF-8"?>
<!-- Generated by org.testng.reporters.JUnitReportReporter -->
<testsuite hostname="aryabhata" name="TestSuite.O2OPENAssetTestSuite" tests="4" failures="0" timestamp="19 Sep 2016 13:49:47 GMT" time="1.856" errors="0">
  <testcase name="CreateO2OPENasset" time="0.332" classname="TestSuite.O2OPENAssetTestSuite"/>
  <testcase name="DeleteO2OPENasset" time="0.571" classname="TestSuite.O2OPENAssetTestSuite"/>
  <testcase name="DeleteO2OPENasset" time="0.605" classname="TestSuite.O2OPENAssetTestSuite"/>
  <testcase name="CreateO2OPENasset" time="0.348" classname="TestSuite.O2OPENAssetTestSuite"/>
</testsuite> <!-- TestSuite.O2OPENAssetTestSuite -->
