<?xml version="1.0" encoding="UTF-8"?>
<!-- Generated by org.testng.reporters.JUnitReportReporter -->
<testsuite hostname="aryabhata" name="TestSuite.TestScriptLogin" tests="2" failures="0" timestamp="13 Sep 2016 15:54:24 GMT" time="2.059" errors="0">
  <testcase name="SuccessfulLogin" time="1.878" classname="TestSuite.TestScriptLogin"/>
  <testcase name="SuccessfulLogin" time="0.181" classname="TestSuite.TestScriptLogin"/>
</testsuite> <!-- TestSuite.TestScriptLogin -->
