<?xml version="1.0" encoding="UTF-8"?>
<!-- Generated by org.testng.reporters.JUnitReportReporter -->
<testsuite hostname="aryabhata" name="TestSuite.TestScriptAsset" tests="2" failures="0" timestamp="14 Sep 2016 16:24:50 GMT" time="2.619" errors="0">
  <testcase name="testGetAllAssets" time="0.324" classname="TestSuite.TestScriptAsset"/>
  <testcase name="testGetAllAssets" time="2.295" classname="TestSuite.TestScriptAsset"/>
</testsuite> <!-- TestSuite.TestScriptAsset -->
