<?xml version="1.0" encoding="UTF-8"?>
<!-- Generated by org.testng.reporters.JUnitReportReporter -->
<testsuite hostname="aryabhata" name="TestSuite.TestScriptLogin" tests="2" failures="0" timestamp="16 Aug 2016 10:21:55 GMT" time="1.649" errors="0">
  <testcase name="SuccessfulLogin" time="1.557" classname="TestSuite.TestScriptLogin"/>
  <testcase name="SuccessfulLogin" time="0.092" classname="TestSuite.TestScriptLogin"/>
</testsuite> <!-- TestSuite.TestScriptLogin -->
