<?xml version="1.0" encoding="UTF-8"?>
<!-- Generated by org.testng.reporters.JUnitReportReporter -->
<testsuite hostname="aryabhata" name="TestSuite.TestScriptLogin" tests="2" failures="0" timestamp="22 Aug 2016 16:07:48 GMT" time="1.973" errors="0">
  <testcase name="SuccessfulLogin" time="0.098" classname="TestSuite.TestScriptLogin"/>
  <testcase name="SuccessfulLogin" time="1.875" classname="TestSuite.TestScriptLogin"/>
</testsuite> <!-- TestSuite.TestScriptLogin -->
