<?xml version="1.0" encoding="UTF-8"?>
<!-- Generated by org.testng.reporters.JUnitReportReporter -->
<testsuite hostname="aryabhata" name="TestSuite.PushNotificationAssetTestSuite" tests="2" failures="0" timestamp="19 Sep 2016 08:12:52 GMT" time="2.822" errors="0">
  <testcase name="CreatePUSHNOTIFICATIONasset" time="2.357" classname="TestSuite.PushNotificationAssetTestSuite"/>
  <testcase name="CreatePUSHNOTIFICATIONasset" time="0.465" classname="TestSuite.PushNotificationAssetTestSuite"/>
</testsuite> <!-- TestSuite.PushNotificationAssetTestSuite -->
