<?xml version="1.0" encoding="UTF-8"?>
<!-- Generated by org.testng.reporters.JUnitReportReporter -->
<testsuite hostname="aryabhata" name="TestSuite.VisualIVRTestSuite" tests="2" failures="0" timestamp="16 Sep 2016 07:47:39 GMT" time="4.881" errors="0">
  <testcase name="HappyPathEndtoEndScenario" time="2.866" classname="TestSuite.VisualIVRTestSuite"/>
  <testcase name="HappyPathEndtoEndScenario" time="2.015" classname="TestSuite.VisualIVRTestSuite"/>
</testsuite> <!-- TestSuite.VisualIVRTestSuite -->
