<?xml version="1.0" encoding="UTF-8"?>
<!-- Generated by org.testng.reporters.JUnitReportReporter -->
<testsuite hostname="aryabhata" name="TestSuite.VisualIVRTestSuite" tests="2" failures="0" timestamp="8 Sep 2016 15:59:00 GMT" time="3.524" errors="0">
  <testcase name="HappyPathEndtoEndScenario" time="1.812" classname="TestSuite.VisualIVRTestSuite"/>
  <testcase name="HappyPathEndtoEndScenario" time="1.712" classname="TestSuite.VisualIVRTestSuite"/>
</testsuite> <!-- TestSuite.VisualIVRTestSuite -->
