<?xml version="1.0" encoding="UTF-8"?>
<!-- Generated by org.testng.reporters.JUnitReportReporter -->
<testsuite hostname="aryabhata" name="TestSuite.PushNotificationAssetTestSuite" tests="3" failures="0" timestamp="20 Sep 2016 10:53:08 GMT" time="5.681" errors="0">
  <testcase name="OneAssetPerIdentityRuleForPUSHNOTIFICATIONasset" time="0.790" classname="TestSuite.PushNotificationAssetTestSuite"/>
  <testcase name="CreatePUSHNOTIFICATIONasset" time="3.659" classname="TestSuite.PushNotificationAssetTestSuite"/>
  <testcase name="DirectDeletePUSHNOTIFICATIONasset" time="1.232" classname="TestSuite.PushNotificationAssetTestSuite"/>
</testsuite> <!-- TestSuite.PushNotificationAssetTestSuite -->
