<?xml version="1.0" encoding="UTF-8"?>
<!-- Generated by org.testng.reporters.JUnitReportReporter -->
<testsuite hostname="aryabhata" name="TestSuite.TestScriptAsset" tests="4" failures="0" timestamp="22 Aug 2016 16:07:48 GMT" time="1.907" errors="0">
  <testcase name="testGetAllAssets" time="0.286" classname="TestSuite.TestScriptAsset"/>
  <testcase name="testGetAllAssets" time="0.368" classname="TestSuite.TestScriptAsset"/>
  <testcase name="testGetPAYMAssetsUsingPathParam" time="0.248" classname="TestSuite.TestScriptAsset"/>
  <testcase name="testGetPAYMAssetsUsingPathParam" time="1.005" classname="TestSuite.TestScriptAsset"/>
</testsuite> <!-- TestSuite.TestScriptAsset -->
